[developer.android.com/codelabs/basic-android-kotlin-compose-function-types-and-lambda8ac1.html]
[www.gstatic.com/devrel-devsite/prod/vb596299fc3b3ecd7c5d7aec475be1a412930b770a5f8d074630a8e7a09f63df6/android/images/touchicon-180.png]
[backblue.gif]
[fade.gif]
[index.html]
[developer.android.com/codelabs/basic-android-kotlin-compose-function-types-and-lambda7d7c.html]
[developer.android.com/codelabs/basic-android-kotlin-compose-function-types-and-lambda.html]
[developer.android.com/codelabs/basic-android-kotlin-compose-function-types-and-lambdaf854.html]
[developer.android.com/codelabs/basic-android-kotlin-compose-function-types-and-lambda0cf2.html]
[developer.android.com/codelabs/basic-android-kotlin-compose-function-types-and-lambda0b8e.html]
[developer.android.com/codelabs/basic-android-kotlin-compose-function-types-and-lambda9e29.html]
[developer.android.com/codelabs/basic-android-kotlin-compose-function-types-and-lambda232e.html]
[developer.android.com/extras.css]
[developer.android.com/static/codelabs/basic-android-kotlin-compose-function-types-and-lambda/img/d009d08384447d4c7d7c.png]
[developer.android.com/static/codelabs/basic-android-kotlin-compose-function-types-and-lambda/img/a9a9bfa88485ec677d7c.png]
[developer.android.com/static/codelabs/basic-android-kotlin-compose-function-types-and-lambda/img/8372d3b83d539fac7d7c.png]
[developer.android.com/static/codelabs/basic-android-kotlin-compose-function-types-and-lambda/img/938d2adf251728737d7c.png]
[developer.android.com/static/codelabs/basic-android-kotlin-compose-function-types-and-lambda/img/3ee3176d612b547d7c.png]
[www.gstatic.com/images/icons/material/product/2x/youtube_48dp.png]
[www.gstatic.com/devrel-devsite/prod/vb596299fc3b3ecd7c5d7aec475be1a412930b770a5f8d074630a8e7a09f63df6/android/js/app_loader.js]
[developer.android.com/js/devsite_app_module.1d.delayed]
[developer.android.com/images/touchicon-180.1e.delayed]
[developer.android.com/codelabs/basic-android-kotlin-compose-function-types-and-lambda8ac1.html]
[www.gstatic.com/devrel-devsite/prod/vb596299fc3b3ecd7c5d7aec475be1a412930b770a5f8d074630a8e7a09f63df6/android/images/dynamic-content-card-default.png]
[www.gstatic.com/devrel-devsite/prod/vb596299fc3b3ecd7c5d7aec475be1a412930b770a5f8d074630a8e7a09f63df6/android/images/activity-android.png]
[www.gstatic.com/devrel-devsite/prod/vb596299fc3b3ecd7c5d7aec475be1a412930b770a5f8d074630a8e7a09f63df6/android/images/activity-cloud.png]
[www.gstatic.com/devrel-devsite/prod/vb596299fc3b3ecd7c5d7aec475be1a412930b770a5f8d074630a8e7a09f63df6/android/images/activity-other.png]
[www.gstatic.com/devrel-devsite/prod/vb596299fc3b3ecd7c5d7aec475be1a412930b770a5f8d074630a8e7a09f63df6/android/css/app.css]
[www.gstatic.com/devrel-devsite/prod/vb596299fc3b3ecd7c5d7aec475be1a412930b770a5f8d074630a8e7a09f63df6/android/css/dark-theme.css]
[developer.android.com/codelabs/basic-android-kotlin-compose-function-types-and-lambda7d7c.html]
[developer.android.com/static/codelabs/basic-android-kotlin-compose-function-types-and-lambda/img/d009d08384447d4c.png]
[developer.android.com/static/codelabs/basic-android-kotlin-compose-function-types-and-lambda/img/a9a9bfa88485ec67.png]
[developer.android.com/static/codelabs/basic-android-kotlin-compose-function-types-and-lambda/img/5e25af769cc200bc.png]
[developer.android.com/static/codelabs/basic-android-kotlin-compose-function-types-and-lambda/img/5608ac5e471b424b.png]
[developer.android.com/static/codelabs/basic-android-kotlin-compose-function-types-and-lambda/img/f16dd6ca0c1588f5.png]
[developer.android.com/static/codelabs/basic-android-kotlin-compose-function-types-and-lambda/img/8372d3b83d539fac.png]
[developer.android.com/static/codelabs/basic-android-kotlin-compose-function-types-and-lambda/img/938d2adf25172873.png]
[developer.android.com/static/codelabs/basic-android-kotlin-compose-function-types-and-lambda/img/c8a004fbdc7469d.png]
[developer.android.com/static/codelabs/basic-android-kotlin-compose-function-types-and-lambda/img/332ea7bade5062d6.png]
[developer.android.com/static/codelabs/basic-android-kotlin-compose-function-types-and-lambda/img/39dc1086e2471ffc.png]
[developer.android.com/static/codelabs/basic-android-kotlin-compose-function-types-and-lambda/img/3ee3176d612b54.png]
[developer.android.com/static/codelabs/basic-android-kotlin-compose-function-types-and-lambda/img/519a2e0f5d02687.png]
[developer.android.com/codelabs/basic-android-kotlin-compose-function-types-and-lambda.html]
[developer.android.com/static/codelabs/basic-android-kotlin-compose-function-types-and-lambda/img/d009d08384447d4c0b8e.png]
[developer.android.com/static/codelabs/basic-android-kotlin-compose-function-types-and-lambda/img/a9a9bfa88485ec670b8e.png]
[developer.android.com/static/codelabs/basic-android-kotlin-compose-function-types-and-lambda/img/5e25af769cc200bc0b8e.png]
[developer.android.com/static/codelabs/basic-android-kotlin-compose-function-types-and-lambda/img/5608ac5e471b424b0b8e.png]
[developer.android.com/static/codelabs/basic-android-kotlin-compose-function-types-and-lambda/img/f16dd6ca0c1588f50b8e.png]
[developer.android.com/static/codelabs/basic-android-kotlin-compose-function-types-and-lambda/img/8372d3b83d539fac0b8e.png]
[developer.android.com/static/codelabs/basic-android-kotlin-compose-function-types-and-lambda/img/938d2adf251728730b8e.png]
[developer.android.com/static/codelabs/basic-android-kotlin-compose-function-types-and-lambda/img/c8a004fbdc7469d0b8e.png]
[developer.android.com/static/codelabs/basic-android-kotlin-compose-function-types-and-lambda/img/332ea7bade5062d60b8e.png]
[developer.android.com/static/codelabs/basic-android-kotlin-compose-function-types-and-lambda/img/39dc1086e2471ffc0b8e.png]
[developer.android.com/static/codelabs/basic-android-kotlin-compose-function-types-and-lambda/img/3ee3176d612b540b8e.png]
[developer.android.com/static/codelabs/basic-android-kotlin-compose-function-types-and-lambda/img/519a2e0f5d026870b8e.png]
[developer.android.com/codelabs/basic-android-kotlin-compose-function-types-and-lambda0b8e.html]
[developer.android.com/static/codelabs/basic-android-kotlin-compose-function-types-and-lambda/img/d009d08384447d4cf854.png]
[developer.android.com/static/codelabs/basic-android-kotlin-compose-function-types-and-lambda/img/a9a9bfa88485ec67f854.png]
[developer.android.com/static/codelabs/basic-android-kotlin-compose-function-types-and-lambda/img/5e25af769cc200bcf854.png]
[developer.android.com/static/codelabs/basic-android-kotlin-compose-function-types-and-lambda/img/f16dd6ca0c1588f5f854.png]
[developer.android.com/static/codelabs/basic-android-kotlin-compose-function-types-and-lambda/img/8372d3b83d539facf854.png]
[developer.android.com/static/codelabs/basic-android-kotlin-compose-function-types-and-lambda/img/938d2adf25172873f854.png]
[developer.android.com/static/codelabs/basic-android-kotlin-compose-function-types-and-lambda/img/c8a004fbdc7469df854.png]
[developer.android.com/static/codelabs/basic-android-kotlin-compose-function-types-and-lambda/img/332ea7bade5062d6f854.png]
[developer.android.com/static/codelabs/basic-android-kotlin-compose-function-types-and-lambda/img/39dc1086e2471ffcf854.png]
[developer.android.com/static/codelabs/basic-android-kotlin-compose-function-types-and-lambda/img/3ee3176d612b54f854.png]
[developer.android.com/static/codelabs/basic-android-kotlin-compose-function-types-and-lambda/img/519a2e0f5d02687f854.png]
[developer.android.com/codelabs/basic-android-kotlin-compose-function-types-and-lambdaf854.html]
[developer.android.com/static/codelabs/basic-android-kotlin-compose-function-types-and-lambda/img/d009d08384447d4c0cf2.png]
[developer.android.com/static/codelabs/basic-android-kotlin-compose-function-types-and-lambda/img/a9a9bfa88485ec670cf2.png]
[developer.android.com/static/codelabs/basic-android-kotlin-compose-function-types-and-lambda/img/5e25af769cc200bc0cf2.png]
[developer.android.com/static/codelabs/basic-android-kotlin-compose-function-types-and-lambda/img/5608ac5e471b424b0cf2.png]
[developer.android.com/static/codelabs/basic-android-kotlin-compose-function-types-and-lambda/img/f16dd6ca0c1588f50cf2.png]
[developer.android.com/static/codelabs/basic-android-kotlin-compose-function-types-and-lambda/img/8372d3b83d539fac0cf2.png]
[developer.android.com/static/codelabs/basic-android-kotlin-compose-function-types-and-lambda/img/938d2adf251728730cf2.png]
[developer.android.com/static/codelabs/basic-android-kotlin-compose-function-types-and-lambda/img/c8a004fbdc7469d0cf2.png]
[developer.android.com/static/codelabs/basic-android-kotlin-compose-function-types-and-lambda/img/332ea7bade5062d60cf2.png]
[developer.android.com/static/codelabs/basic-android-kotlin-compose-function-types-and-lambda/img/39dc1086e2471ffc0cf2.png]
[developer.android.com/static/codelabs/basic-android-kotlin-compose-function-types-and-lambda/img/3ee3176d612b540cf2.png]
[developer.android.com/static/codelabs/basic-android-kotlin-compose-function-types-and-lambda/img/519a2e0f5d026870cf2.png]
[developer.android.com/codelabs/basic-android-kotlin-compose-function-types-and-lambda0cf2.html]
[developer.android.com/static/codelabs/basic-android-kotlin-compose-function-types-and-lambda/img/d009d08384447d4c9e29.png]
[developer.android.com/static/codelabs/basic-android-kotlin-compose-function-types-and-lambda/img/a9a9bfa88485ec679e29.png]
[developer.android.com/static/codelabs/basic-android-kotlin-compose-function-types-and-lambda/img/5e25af769cc200bc9e29.png]
[developer.android.com/static/codelabs/basic-android-kotlin-compose-function-types-and-lambda/img/5608ac5e471b424b9e29.png]
[developer.android.com/static/codelabs/basic-android-kotlin-compose-function-types-and-lambda/img/f16dd6ca0c1588f59e29.png]
[developer.android.com/static/codelabs/basic-android-kotlin-compose-function-types-and-lambda/img/8372d3b83d539fac9e29.png]
[developer.android.com/static/codelabs/basic-android-kotlin-compose-function-types-and-lambda/img/938d2adf251728739e29.png]
[developer.android.com/static/codelabs/basic-android-kotlin-compose-function-types-and-lambda/img/c8a004fbdc7469d9e29.png]
[developer.android.com/static/codelabs/basic-android-kotlin-compose-function-types-and-lambda/img/332ea7bade5062d69e29.png]
[developer.android.com/static/codelabs/basic-android-kotlin-compose-function-types-and-lambda/img/39dc1086e2471ffc9e29.png]
[developer.android.com/static/codelabs/basic-android-kotlin-compose-function-types-and-lambda/img/3ee3176d612b549e29.png]
[developer.android.com/static/codelabs/basic-android-kotlin-compose-function-types-and-lambda/img/519a2e0f5d026879e29.png]
[developer.android.com/codelabs/basic-android-kotlin-compose-function-types-and-lambda9e29.html]
[developer.android.com/static/codelabs/basic-android-kotlin-compose-function-types-and-lambda/img/d009d08384447d4c232e.png]
[developer.android.com/static/codelabs/basic-android-kotlin-compose-function-types-and-lambda/img/a9a9bfa88485ec67232e.png]
[developer.android.com/static/codelabs/basic-android-kotlin-compose-function-types-and-lambda/img/f16dd6ca0c1588f5232e.png]
[developer.android.com/static/codelabs/basic-android-kotlin-compose-function-types-and-lambda/img/8372d3b83d539fac232e.png]
[developer.android.com/static/codelabs/basic-android-kotlin-compose-function-types-and-lambda/img/938d2adf25172873232e.png]
[developer.android.com/static/codelabs/basic-android-kotlin-compose-function-types-and-lambda/img/39dc1086e2471ffc232e.png]
[developer.android.com/codelabs/basic-android-kotlin-compose-function-types-and-lambda232e.html]
[developer.android.com/extras.css]
[developer.android.com/js/devsite_app_module.html]
[developer.android.com/images/touchicon-180.html]
[fonts.googleapis.com/earlyaccess/notosansjp.css]
[fonts.googleapis.com/earlyaccess/notosanskr.css]
[developer.android.com/static/codelabs/basic-android-kotlin-compose-function-types-and-lambda/img/519a2e0f5d02687232e.png]
[developer.android.com/codelabs/basic-android-kotlin-compose-function-types-and-lambda6dd3]
[developer.android.com/static/codelabs/basic-android-kotlin-compose-function-types-and-lambda/img/5e25af769cc200bc7d7c.png]
[developer.android.com/static/codelabs/basic-android-kotlin-compose-function-types-and-lambda/img/5608ac5e471b424b7d7c.png]
[developer.android.com/codelabs/basic-android-kotlin-compose-function-types-and-lambda7554]
[developer.android.com/codelabs/basic-android-kotlin-compose-function-types-and-lambda327f]
[developer.android.com/static/codelabs/basic-android-kotlin-compose-function-types-and-lambda/img/f16dd6ca0c1588f57d7c.png]
[developer.android.com/static/codelabs/basic-android-kotlin-compose-function-types-and-lambda/img/5608ac5e471b424bf854.png]
[developer.android.com/static/codelabs/basic-android-kotlin-compose-function-types-and-lambda/img/519a2e0f5d026877d7c.png]
[developer.android.com/static/codelabs/basic-android-kotlin-compose-function-types-and-lambda/img/5e25af769cc200bc232e.png]
[developer.android.com/static/codelabs/basic-android-kotlin-compose-function-types-and-lambda/img/5608ac5e471b424b232e.png]
[developer.android.com/static/codelabs/basic-android-kotlin-compose-function-types-and-lambda/img/c8a004fbdc7469d232e.png]
[developer.android.com/static/codelabs/basic-android-kotlin-compose-function-types-and-lambda/img/3ee3176d612b54232e.png]
[developer.android.com/static/codelabs/basic-android-kotlin-compose-function-types-and-lambda/img/332ea7bade5062d6232e.png]
[developer.android.com/static/codelabs/basic-android-kotlin-compose-function-types-and-lambda/img/d009d08384447d4c6dd3.png]
[developer.android.com/static/codelabs/basic-android-kotlin-compose-function-types-and-lambda/img/a9a9bfa88485ec676dd3.png]
[developer.android.com/static/codelabs/basic-android-kotlin-compose-function-types-and-lambda/img/5e25af769cc200bc6dd3.png]
[developer.android.com/static/codelabs/basic-android-kotlin-compose-function-types-and-lambda/img/5608ac5e471b424b6dd3.png]
[developer.android.com/static/codelabs/basic-android-kotlin-compose-function-types-and-lambda/img/f16dd6ca0c1588f56dd3.png]
[developer.android.com/codelabs/basic-android-kotlin-compose-function-types-and-lambda6dd3]
[developer.android.com/codelabs/basic-android-kotlin-compose-function-types-and-lambda7554]
[developer.android.com/codelabs/basic-android-kotlin-compose-function-types-and-lambda327f]
[developer.android.com/static/codelabs/basic-android-kotlin-compose-function-types-and-lambda/img/c8a004fbdc7469d7d7c.png]
[developer.android.com/static/codelabs/basic-android-kotlin-compose-function-types-and-lambda/img/332ea7bade5062d67d7c.png]
[developer.android.com/static/codelabs/basic-android-kotlin-compose-function-types-and-lambda/img/39dc1086e2471ffc7d7c.png]
[developer.android.com/static/codelabs/basic-android-kotlin-compose-function-types-and-lambda/img/f16dd6ca0c1588f56dd3.png]
[developer.android.com/static/codelabs/basic-android-kotlin-compose-function-types-and-lambda/img/8372d3b83d539fac6dd3.png]
[developer.android.com/static/codelabs/basic-android-kotlin-compose-function-types-and-lambda/img/938d2adf251728736dd3.png]
[developer.android.com/static/codelabs/basic-android-kotlin-compose-function-types-and-lambda/img/c8a004fbdc7469d6dd3.png]
[developer.android.com/static/codelabs/basic-android-kotlin-compose-function-types-and-lambda/img/332ea7bade5062d66dd3.png]
[developer.android.com/static/codelabs/basic-android-kotlin-compose-function-types-and-lambda/img/39dc1086e2471ffc6dd3.png]
[developer.android.com/static/codelabs/basic-android-kotlin-compose-function-types-and-lambda/img/3ee3176d612b546dd3.png]
[developer.android.com/static/codelabs/basic-android-kotlin-compose-function-types-and-lambda/img/519a2e0f5d026876dd3.png]
[developer.android.com/static/codelabs/basic-android-kotlin-compose-function-types-and-lambda/img/d009d08384447d4c7554.png]
[developer.android.com/static/codelabs/basic-android-kotlin-compose-function-types-and-lambda/img/a9a9bfa88485ec677554.png]
[developer.android.com/static/codelabs/basic-android-kotlin-compose-function-types-and-lambda/img/5e25af769cc200bc7554.png]
[developer.android.com/static/codelabs/basic-android-kotlin-compose-function-types-and-lambda/img/5608ac5e471b424b7554.png]
[developer.android.com/static/codelabs/basic-android-kotlin-compose-function-types-and-lambda/img/f16dd6ca0c1588f57554.png]
[developer.android.com/static/codelabs/basic-android-kotlin-compose-function-types-and-lambda/img/8372d3b83d539fac7554.png]
[developer.android.com/static/codelabs/basic-android-kotlin-compose-function-types-and-lambda/img/938d2adf251728737554.png]
[developer.android.com/static/codelabs/basic-android-kotlin-compose-function-types-and-lambda/img/c8a004fbdc7469d7554.png]
[developer.android.com/static/codelabs/basic-android-kotlin-compose-function-types-and-lambda/img/332ea7bade5062d67554.png]
[developer.android.com/static/codelabs/basic-android-kotlin-compose-function-types-and-lambda/img/39dc1086e2471ffc7554.png]
[developer.android.com/static/codelabs/basic-android-kotlin-compose-function-types-and-lambda/img/3ee3176d612b547554.png]
[developer.android.com/static/codelabs/basic-android-kotlin-compose-function-types-and-lambda/img/519a2e0f5d026877554.png]
[developer.android.com/static/codelabs/basic-android-kotlin-compose-function-types-and-lambda/img/d009d08384447d4c327f.png]
[developer.android.com/static/codelabs/basic-android-kotlin-compose-function-types-and-lambda/img/a9a9bfa88485ec67327f.png]
[developer.android.com/static/codelabs/basic-android-kotlin-compose-function-types-and-lambda/img/5e25af769cc200bc327f.png]
[developer.android.com/static/codelabs/basic-android-kotlin-compose-function-types-and-lambda/img/5608ac5e471b424b327f.png]
[developer.android.com/static/codelabs/basic-android-kotlin-compose-function-types-and-lambda/img/f16dd6ca0c1588f5327f.png]
[developer.android.com/static/codelabs/basic-android-kotlin-compose-function-types-and-lambda/img/8372d3b83d539fac327f.png]
[developer.android.com/static/codelabs/basic-android-kotlin-compose-function-types-and-lambda/img/938d2adf25172873327f.png]
[developer.android.com/static/codelabs/basic-android-kotlin-compose-function-types-and-lambda/img/c8a004fbdc7469d327f.png]
[developer.android.com/static/codelabs/basic-android-kotlin-compose-function-types-and-lambda/img/332ea7bade5062d6327f.png]
[developer.android.com/static/codelabs/basic-android-kotlin-compose-function-types-and-lambda/img/39dc1086e2471ffc327f.png]
[developer.android.com/static/codelabs/basic-android-kotlin-compose-function-types-and-lambda/img/3ee3176d612b54327f.png]
[developer.android.com/static/codelabs/basic-android-kotlin-compose-function-types-and-lambda/img/519a2e0f5d02687327f.png]
